[2023-04-1201:40:12] [ ERROR] [GlobalExceptionHandler:18] Failed to convert value of type 'java.lang.String' to required type 'java.lang.Integer'; For input string: "t"
[2023-04-1201:41:52] [ ERROR] [GlobalExceptionHandler:18] Failed to convert value of type 'java.lang.String' to required type 'java.lang.Integer'; For input string: "t"
[2023-04-1218:40:51] [ ERROR] [GlobalExceptionHandler:18] El id del turno debe ser nulo
[2023-04-1218:41:12] [ ERROR] [GlobalExceptionHandler:18] El id del turno debe ser nulo
[2023-04-1218:42:20] [ ERROR] [GlobalExceptionHandler:18] El id del turno debe ser nulo
[2023-04-1223:16:06] [ ERROR] [GlobalExceptionHandler:21] JSON parse error: Unexpected character ('}' (code 125)): was expecting double-quote to start field name
[2023-04-1223:19:59] [ ERROR] [GlobalExceptionHandler:21] El domicilio del paciente no puede ser nulo
[2023-04-1223:20:10] [ ERROR] [GlobalExceptionHandler:27] El domicilio del paciente no puede ser nulo
[2023-04-1223:22:21] [ ERROR] [GlobalExceptionHandler:21] El id del turno debe ser nulo
[2023-04-1223:23:20] [ ERROR] [GlobalExceptionHandler:21] Cannot invoke "java.time.LocalDateTime.isBefore(java.time.chrono.ChronoLocalDateTime)" because the return value of "com.dh.backend1.martin.finalclinicaodontologica.modeldto.TurnoDto.getFecha()" is null
[2023-04-1223:25:56] [ ERROR] [GlobalExceptionHandler:39] La fecha del turno no puede ser anterior a la fecha actual
[2023-04-1223:26:44] [ ERROR] [GlobalExceptionHandler:21] could not execute statement [Violaci贸n de una restricci贸n de Integridad Referencial: "FKQTJ6T7MULC2JMFKV92X4CTKWH: PUBLIC.TURNOS FOREIGN KEY(ODONTOLOGO_ID) REFERENCES PUBLIC.ODONTOLOGOS(ID) (1)"
Referential integrity constraint violation: "FKQTJ6T7MULC2JMFKV92X4CTKWH: PUBLIC.TURNOS FOREIGN KEY(ODONTOLOGO_ID) REFERENCES PUBLIC.ODONTOLOGOS(ID) (1)"; SQL statement:
insert into turnos (fecha,odontologo_id,paciente_id,id) values (?,?,?,default) [23506-214]] [insert into turnos (fecha,odontologo_id,paciente_id,id) values (?,?,?,default)]; SQL [insert into turnos (fecha,odontologo_id,paciente_id,id) values (?,?,?,default)]; constraint [FKQTJ6T7MULC2JMFKV92X4CTKWH]
[2023-04-1223:30:15] [ ERROR] [GlobalExceptionHandler:33] El id del turno debe ser nulo
[2023-04-1223:30:23] [ ERROR] [GlobalExceptionHandler:33] El id del turno debe ser nulo
[2023-04-1223:30:25] [ ERROR] [GlobalExceptionHandler:33] El id del turno debe ser nulo
[2023-04-1223:30:39] [ ERROR] [GlobalExceptionHandler:27] El domicilio del paciente no puede ser nulo
[2023-04-1223:31:23] [ ERROR] [GlobalExceptionHandler:21] could not execute statement [Violaci贸n de una restricci贸n de Integridad Referencial: "FKQTJ6T7MULC2JMFKV92X4CTKWH: PUBLIC.TURNOS FOREIGN KEY(ODONTOLOGO_ID) REFERENCES PUBLIC.ODONTOLOGOS(ID) (1)"
Referential integrity constraint violation: "FKQTJ6T7MULC2JMFKV92X4CTKWH: PUBLIC.TURNOS FOREIGN KEY(ODONTOLOGO_ID) REFERENCES PUBLIC.ODONTOLOGOS(ID) (1)"; SQL statement:
insert into turnos (fecha,odontologo_id,paciente_id,id) values (?,?,?,default) [23506-214]] [insert into turnos (fecha,odontologo_id,paciente_id,id) values (?,?,?,default)]; SQL [insert into turnos (fecha,odontologo_id,paciente_id,id) values (?,?,?,default)]; constraint [FKQTJ6T7MULC2JMFKV92X4CTKWH]
[2023-04-1223:35:42] [ ERROR] [GlobalExceptionHandler:39] La fecha del turno no puede ser anterior a la fecha actual
[2023-04-1223:37:14] [ ERROR] [GlobalExceptionHandler:39] La fecha del turno no puede ser anterior a la fecha actual
[2023-04-1223:37:36] [ ERROR] [GlobalExceptionHandler:39] La fecha del turno no puede ser anterior a la fecha actual
